[master c1ce373be2] 31957202569423111
 3 files changed, 1 insertion(+)
 create mode 100644 logs.txt
 create mode 100644 nohup.out
[master 91dbaaf032] 76799875937077220
 2 files changed, 5 insertions(+)
[master fc43564532] 80505692989272921
 2 files changed, 3 insertions(+)
[master e9b02b50a4] 35451651483636805
 2 files changed, 3 insertions(+)
[master 4622262a19] 21254113482069398
 2 files changed, 3 insertions(+)
[master d6bd6e31d8] 42400011499418275
 2 files changed, 3 insertions(+)
[master a171f9db04] 22220093160112823
 2 files changed, 3 insertions(+)
[master 6855d05f8b] 62274476061602340
 2 files changed, 3 insertions(+)
[master 6a94b80246] 71782521749489049
 2 files changed, 3 insertions(+)
[master 2f3c33a890] 76723236666865687
 2 files changed, 3 insertions(+)
[master e60fc58d4d] 38885281132266943
 2 files changed, 3 insertions(+)
[master 1a182f371f] 23599638055039522
 2 files changed, 3 insertions(+)
[master c7d1549adb] 28212873393743695
 2 files changed, 3 insertions(+)
[master e6808615a5] 52525581815720708
 2 files changed, 3 insertions(+)
[master e83835b65f] 20729423280447536
 2 files changed, 3 insertions(+)
[master 233b49076c] 49179579616713860
 2 files changed, 3 insertions(+)
[master b345c82208] 20076706061104102
 2 files changed, 3 insertions(+)
